<?xml version="1.0" encoding="UTF-8"?>
<testsuite xmlns:xsi="http://www.w3.org/2001/XMLSchema-instance" xsi:noNamespaceSchemaLocation="https://maven.apache.org/surefire/maven-surefire-plugin/xsd/surefire-test-report-3.0.xsd" version="3.0" name="com.pet.management.service.AuthServiceTest" time="0.326" tests="1" errors="0" skipped="0" failures="0">
  <properties>
[...]
</properties>
  <testcase name="authenticate" classname="com.pet.management.service.AuthServiceTest" time="0.283">
    <system-out><![CDATA[$2a$10$nbtw33.EPh7dG8a7prI2NerL9sbI6hdwL9HswV5EycZkl07CvhrTu
true
]]></system-out>
  </testcase>
</testsuite>